<?xml version="1.0" encoding="UTF-8"?>
<testsuite name="VowelPuzzleFluentTest" tests="3" skipped="0" failures="0" errors="0" timestamp="2016-04-23T02:40:24" hostname="Williams-MacBook-Pro.local" time="0.491">
  <properties/>
  <testcase name="rootTest" classname="VowelPuzzleFluentTest" time="0.36"/>
  <testcase name="checkPuzzle" classname="VowelPuzzleFluentTest" time="0.094"/>
  <testcase name="createPuzzle" classname="VowelPuzzleFluentTest" time="0.022"/>
  <system-out><![CDATA[]]></system-out>
  <system-err><![CDATA[[Thread-4] INFO org.eclipse.jetty.util.log - Logging initialized @731ms
[Thread-4] INFO spark.webserver.JettySparkServer - == Spark has ignited ...
[Thread-4] INFO spark.webserver.JettySparkServer - >> Listening on 0.0.0.0:4567
[Thread-4] INFO org.eclipse.jetty.server.Server - jetty-9.3.2.v20150730
[Thread-4] INFO org.eclipse.jetty.server.ServerConnector - Started ServerConnector@6d5e0477{HTTP/1.1,[http/1.1]}{0.0.0.0:4567}
[Thread-4] INFO org.eclipse.jetty.server.Server - Started @855ms
[Test worker] INFO spark.webserver.JettySparkServer - >>> Spark shutting down ...
[Test worker] INFO org.eclipse.jetty.server.ServerConnector - Stopped ServerConnector@6d5e0477{HTTP/1.1,[http/1.1]}{0.0.0.0:4567}
[Test worker] INFO spark.webserver.JettySparkServer - done
]]></system-err>
</testsuite>
